0 info it worked if it ends with ok
1 verbose cli [ 'C:\\Program Files\\nodejs\\node.exe',
1 verbose cli   'C:\\Users\\deval\\AppData\\Roaming\\npm\\node_modules\\npm\\bin\\npm-cli.js',
1 verbose cli   'run',
1 verbose cli   'web' ]
2 info using npm@4.0.5
3 info using node@v6.9.4
4 verbose run-script [ 'preweb', 'web', 'postweb' ]
5 info lifecycle sports-club@1.0.1~preweb: sports-club@1.0.1
6 silly lifecycle sports-club@1.0.1~preweb: no script for preweb, continuing
7 info lifecycle sports-club@1.0.1~web: sports-club@1.0.1
8 verbose lifecycle sports-club@1.0.1~web: unsafe-perm in lifecycle true
9 verbose lifecycle sports-club@1.0.1~web: PATH: C:\Users\deval\AppData\Roaming\npm\node_modules\npm\bin\node-gyp-bin;C:\@Dev\projects\devallish.sportsclub\src\web2\node_modules\.bin;C:\Program Files (x86)\Python35-32\Scripts\;C:\Program Files (x86)\Python35-32\;C:\Program Files\Dell\DW WLAN Card;C:\Program Files (x86)\Intel\iCLS Client\;C:\Program Files\Intel\iCLS Client\;C:\WINDOWS\system32;C:\WINDOWS;C:\WINDOWS\System32\Wbem;C:\WINDOWS\System32\WindowsPowerShell\v1.0\;C:\Program Files (x86)\Intel\Intel(R) Management Engine Components\DAL;C:\Program Files\Intel\Intel(R) Management Engine Components\DAL;C:\Program Files (x86)\Intel\Intel(R) Management Engine Components\IPT;C:\Program Files\Intel\Intel(R) Management Engine Components\IPT;c:\Program Files\WIDCOMM\Bluetooth Software\;c:\Program Files\WIDCOMM\Bluetooth Software\syswow64;C:\Program Files\Microsoft SQL Server\120\Tools\Binn\;C:\Program Files\Microsoft SQL Server\130\Tools\Binn\;C:\Program Files\Microsoft\Web Platform Installer\;C:\Program Files\Microsoft DNX\Dnvm\;C:\Program Files\Git\cmd;C:\Program Files (x86)\Microsoft SQL Server\110\DTS\Binn\;C:\Program Files (x86)\Microsoft SQL Server\120\DTS\Binn\;C:\Program Files (x86)\Microsoft SQL Server\130\DTS\Binn\;C:\Program Files (x86)\Windows Kits\10\Windows Performance Toolkit\;C:\Program Files\nodejs\;C:\Program Files\dotnet\;C:\Program Files (x86)\Yarn\bin;C:\Users\deval\.dnx\bin;C:\Program Files (x86)\Microsoft VS Code\bin;C:\Program Files (x86)\Microsoft VS Code Insiders\bin;C:\Users\deval\AppData\Local\Microsoft\WindowsApps;C:\Users\deval\AppData\Roaming\npm;C:\Users\deval\AppData\Local\Yarn\.bin
10 verbose lifecycle sports-club@1.0.1~web: CWD: C:\@Dev\projects\devallish.sportsclub\src\web2
11 silly lifecycle sports-club@1.0.1~web: Args: [ '/d /s /c',
11 silly lifecycle   'webpack-dev-server --config webpack.config.js --hot --inline' ]
12 silly lifecycle sports-club@1.0.1~web: Returned: code: 3221225786  signal: null
13 info lifecycle sports-club@1.0.1~web: Failed to exec web script
14 verbose stack Error: sports-club@1.0.1 web: `webpack-dev-server --config webpack.config.js --hot --inline`
14 verbose stack Exit status 3221225786
14 verbose stack     at EventEmitter.<anonymous> (C:\Users\deval\AppData\Roaming\npm\node_modules\npm\lib\utils\lifecycle.js:279:16)
14 verbose stack     at emitTwo (events.js:106:13)
14 verbose stack     at EventEmitter.emit (events.js:191:7)
14 verbose stack     at ChildProcess.<anonymous> (C:\Users\deval\AppData\Roaming\npm\node_modules\npm\lib\utils\spawn.js:40:14)
14 verbose stack     at emitTwo (events.js:106:13)
14 verbose stack     at ChildProcess.emit (events.js:191:7)
14 verbose stack     at maybeClose (internal/child_process.js:877:16)
14 verbose stack     at Process.ChildProcess._handle.onexit (internal/child_process.js:226:5)
15 verbose pkgid sports-club@1.0.1
16 verbose cwd C:\@Dev\projects\devallish.sportsclub\src\web2
17 error Windows_NT 10.0.14393
18 error argv "C:\\Program Files\\nodejs\\node.exe" "C:\\Users\\deval\\AppData\\Roaming\\npm\\node_modules\\npm\\bin\\npm-cli.js" "run" "web"
19 error node v6.9.4
20 error npm  v4.0.5
21 error code ELIFECYCLE
22 error sports-club@1.0.1 web: `webpack-dev-server --config webpack.config.js --hot --inline`
22 error Exit status 3221225786
23 error Failed at the sports-club@1.0.1 web script 'webpack-dev-server --config webpack.config.js --hot --inline'.
23 error Make sure you have the latest version of node.js and npm installed.
23 error If you do, this is most likely a problem with the sports-club package,
23 error not with npm itself.
23 error Tell the author that this fails on your system:
23 error     webpack-dev-server --config webpack.config.js --hot --inline
23 error You can get information on how to open an issue for this project with:
23 error     npm bugs sports-club
23 error Or if that isn't available, you can get their info via:
23 error     npm owner ls sports-club
23 error There is likely additional logging output above.
24 verbose exit [ 1, true ]
